{"level":"info","message":"Task 190 status updated to completed"}
{"level":"info","message":"Task updated: 190"}
{"level":"info","message":"Task 190 status updated to pending"}
{"level":"info","message":"Task 190 status updated to completed"}
{"level":"info","message":"Task 519 status updated to completed"}
{"level":"info","message":"Task updated: 519"}
{"level":"info","message":"Task 519 status updated to pending"}
{"level":"info","message":"Task 519 status updated to in_progress"}
{"level":"info","message":"Task 519 status updated to completed"}
{"level":"info","message":"Task deleted: 575"}
{"level":"info","message":"Task updated: 571"}
{"level":"info","message":"Task updated: 572"}
{"level":"info","message":"Task updated: 573"}
{"level":"info","message":"Task updated: 574"}
{"level":"info","message":"Task 574 status updated to completed"}
{"level":"info","message":"Task updated: 581"}
{"level":"info","message":"Task updated: 581"}
{"level":"info","message":"Task updated: 582"}
{"level":"info","message":"Task updated: 572"}
{"level":"info","message":"Task updated: 576"}
{"level":"info","message":"Task updated: 577"}
{"level":"info","message":"Task updated: 578"}
{"level":"info","message":"Task updated: 579"}
{"level":"info","message":"Task updated: 580"}
{"level":"info","message":"Task 580 status updated to completed"}
{"level":"info","message":"Task 579 status updated to completed"}
{"level":"info","message":"Task 578 status updated to completed"}
{"level":"info","message":"Task updated: 571"}
{"level":"info","message":"Task updated: 572"}
{"level":"info","message":"Task updated: 572"}
{"level":"info","message":"Task 571 status updated to completed"}
{"level":"info","message":"Task 577 status updated to completed"}
{"level":"info","message":"Task 576 status updated to completed"}
{"level":"info","message":"Task 573 status updated to completed"}
{"level":"info","message":"Task 572 status updated to completed"}
{"level":"info","message":"Task 580 status updated to pending"}
{"level":"info","message":"Task 580 status updated to in_progress"}
{"level":"info","message":"Task 580 status updated to cancelled"}
{"level":"info","message":"Task 580 status updated to completed"}
{"level":"info","message":"Task updated: 593"}
{"level":"info","message":"Task updated: 594"}
{"level":"info","message":"Task updated: 595"}
{"level":"info","message":"Task updated: 599"}
{"level":"info","message":"Task updated: 598"}
{"level":"info","message":"Task updated: 597"}
{"level":"info","message":"Task updated: 596"}
{"level":"info","message":"Task 599 status updated to completed"}
{"level":"info","message":"Task 600 status updated to completed"}
{"level":"info","message":"Task 598 status updated to completed"}
{"level":"info","message":"Task 597 status updated to completed"}
{"level":"info","message":"Task 596 status updated to completed"}
{"level":"info","message":"Task 595 status updated to completed"}
{"level":"info","message":"Task 594 status updated to completed"}
{"level":"info","message":"Task 593 status updated to completed"}
{"level":"info","message":"Task updated: 593"}
{"level":"info","message":"Task 618 status updated to completed"}
{"level":"info","message":"Task 670 status updated to completed"}
